{
  message: 'email sent to: dominique.adolphe@gmail.com',
  level: 'info',
  timestamp: '2021-11-28T09:00:45.374Z'
}
{
  message: "unable to send message with id: 0b1b3b501c6296fffc8eea05173b336ee36ef982; failed with message: ENOENT: no such file or directory, stat '/home/mecrogenesis/Organizations/co.prethora/@typescript/smtp_email_aggregator_relay/data/queue/0b1b3b501c6296fffc8eea05173b336ee36ef982'",
  level: 'error',
  timestamp: '2021-11-28T09:00:46.809Z'
}
{
  message: "unable to send message with id: 0b1b3b501c6296fffc8eea05173b336ee36ef982; failed with message: ENOENT: no such file or directory, stat '/home/mecrogenesis/Organizations/co.prethora/@typescript/smtp_email_aggregator_relay/data/queue/0b1b3b501c6296fffc8eea05173b336ee36ef982'",
  level: 'error',
  timestamp: '2021-11-28T09:00:47.442Z'
}
{
  message: 'unable to send message with id: 0b1b3b501c6296fffc8eea05173b336ee36ef982; failed with message: unexpected error: unable to parse rawmessage header',
  level: 'error',
  timestamp: '2021-11-28T09:00:47.446Z'
}
{
  message: 'unable to send message with id: 0b1b3b501c6296fffc8eea05173b336ee36ef982; failed with message: unexpected error: unable to parse rawmessage header',
  level: 'error',
  timestamp: '2021-11-28T09:00:47.450Z'
}
{
  message: 'unable to send message with id: 0b1b3b501c6296fffc8eea05173b336ee36ef982; failed with message: unexpected error: unable to parse rawmessage header',
  level: 'error',
  timestamp: '2021-11-28T09:00:47.454Z'
}
{
  message: 'email sent to: dominique.adolphe@gmail.com',
  level: 'info',
  timestamp: '2021-11-28T09:00:50.550Z'
}
{
  message: 'unable to send message with id: 0b1b3b501c6296fffc8eea05173b336ee36ef982; failed with message: unexpected error: unable to parse rawmessage header',
  level: 'error',
  timestamp: '2021-11-28T09:00:50.557Z'
}
{
  message: 'unable to send message with id: 0b1b3b501c6296fffc8eea05173b336ee36ef982; failed with message: unexpected error: unable to parse rawmessage header',
  level: 'error',
  timestamp: '2021-11-28T09:00:50.560Z'
}
{
  message: 'unable to send message with id: 0b1b3b501c6296fffc8eea05173b336ee36ef982; failed with message: unexpected error: unable to parse rawmessage header',
  level: 'error',
  timestamp: '2021-11-28T09:00:50.564Z'
}
{
  message: 'unable to send message with id: 0b1b3b501c6296fffc8eea05173b336ee36ef982; failed with message: unexpected error: unable to parse rawmessage header',
  level: 'error',
  timestamp: '2021-11-28T09:00:50.567Z'
}
{
  message: 'unable to send message with id: 0b1b3b501c6296fffc8eea05173b336ee36ef982; failed with message: unexpected error: unable to parse rawmessage header',
  level: 'error',
  timestamp: '2021-11-28T09:00:50.570Z'
}
{
  message: 'unable to send message with id: 0b1b3b501c6296fffc8eea05173b336ee36ef982; failed with message: unexpected error: unable to parse rawmessage header',
  level: 'error',
  timestamp: '2021-11-28T09:00:50.572Z'
}
{
  message: 'email sent to: dominique.adolphe@gmail.com',
  level: 'info',
  timestamp: '2021-11-28T09:00:50.742Z'
}
{
  message: 'unable to send message with id: 0b1b3b501c6296fffc8eea05173b336ee36ef982; failed with message: unexpected error: unable to parse rawmessage header',
  level: 'error',
  timestamp: '2021-11-28T09:00:50.760Z'
}
{
  message: 'unable to send message with id: 0b1b3b501c6296fffc8eea05173b336ee36ef982; failed with message: unexpected error: unable to parse rawmessage header',
  level: 'error',
  timestamp: '2021-11-28T09:00:50.764Z'
}
{
  message: 'unable to send message with id: 0b1b3b501c6296fffc8eea05173b336ee36ef982; failed with message: unexpected error: unable to parse rawmessage header',
  level: 'error',
  timestamp: '2021-11-28T09:00:50.770Z'
}
{
  message: 'unable to send message with id: 0b1b3b501c6296fffc8eea05173b336ee36ef982; failed with message: unexpected error: unable to parse rawmessage header',
  level: 'error',
  timestamp: '2021-11-28T09:00:50.774Z'
}
{
  message: 'unable to send message with id: 0b1b3b501c6296fffc8eea05173b336ee36ef982; failed with message: unexpected error: unable to parse rawmessage header',
  level: 'error',
  timestamp: '2021-11-28T09:00:50.777Z'
}
{
  message: 'unable to send message with id: 0b1b3b501c6296fffc8eea05173b336ee36ef982; failed with message: unexpected error: unable to parse rawmessage header',
  level: 'error',
  timestamp: '2021-11-28T09:00:50.782Z'
}
{
  message: 'email sent to: dominique.adolphe@gmail.com',
  level: 'info',
  timestamp: '2021-11-28T09:10:37.782Z'
}
{
  message: 'email sent to: dominique.adolphe@gmail.com',
  level: 'info',
  timestamp: '2021-11-28T09:10:37.929Z'
}
{
  message: 'email sent to: dominique.adolphe@gmail.com',
  level: 'info',
  timestamp: '2021-11-28T09:10:37.943Z'
}
{
  message: "unable to send message with id: 0b1b3b501c6296fffc8eea05173b336ee36ef982; failed with message: ENOENT: no such file or directory, open '/home/mecrogenesis/Organizations/co.prethora/@typescript/smtp_email_aggregator_relay/data/queue/0b1b3b501c6296fffc8eea05173b336ee36ef982/body'",
  level: 'error',
  timestamp: '2021-11-28T09:10:39.844Z'
}
{
  message: "unable to send message with id: 6f15cede2652b5d19b388457a1e8bf33a43a081f; failed with message: ENOENT: no such file or directory, open '/home/mecrogenesis/Organizations/co.prethora/@typescript/smtp_email_aggregator_relay/data/queue/6f15cede2652b5d19b388457a1e8bf33a43a081f/body'",
  level: 'error',
  timestamp: '2021-11-28T09:10:39.901Z'
}
{
  message: 'email sent to: dominique.adolphe@gmail.com',
  level: 'info',
  timestamp: '2021-11-28T09:16:04.864Z'
}
{
  message: 'email sent to: dominique.adolphe@gmail.com',
  level: 'info',
  timestamp: '2021-11-28T09:16:04.900Z'
}
{
  message: 'email sent to: dominique.adolphe@gmail.com',
  level: 'info',
  timestamp: '2021-11-28T09:16:04.905Z'
}
{
  message: 'unable to send message with id: 6f15cede2652b5d19b388457a1e8bf33a43a081f; failed with message: unexpected error: unable to parse rawmessage header',
  level: 'error',
  timestamp: '2021-11-28T09:16:04.911Z'
}
{
  message: 'unable to send message with id: 0b1b3b501c6296fffc8eea05173b336ee36ef982; failed with message: 140441335797696:error:141A10F4:SSL routines:ossl_statem_client_read_transition:unexpected message:../deps/openssl/openssl/ssl/statem/statem_clnt.c:395:\n',
  level: 'error',
  timestamp: '2021-11-28T09:16:05.362Z'
}
{
  message: 'email sent to: dominique.adolphe@gmail.com',
  level: 'info',
  timestamp: '2021-11-28T09:20:47.170Z'
}
{
  message: 'email sent to: dominique.adolphe@gmail.com',
  level: 'info',
  timestamp: '2021-11-28T09:20:48.334Z'
}
{
  message: 'unable to send message with id: 6f15cede2652b5d19b388457a1e8bf33a43a081f; failed with message: unexpected error: unable to parse rawmessage header',
  level: 'error',
  timestamp: '2021-11-28T09:20:48.339Z'
}
{
  message: 'unable to send message with id: 6f15cede2652b5d19b388457a1e8bf33a43a081f; failed with message: unexpected error: unable to parse rawmessage header',
  level: 'error',
  timestamp: '2021-11-28T09:20:48.343Z'
}
{
  message: 'unable to send message with id: 6f15cede2652b5d19b388457a1e8bf33a43a081f; failed with message: unexpected error: unable to parse rawmessage header',
  level: 'error',
  timestamp: '2021-11-28T09:20:48.348Z'
}
{
  message: 'unable to send message with id: 6f15cede2652b5d19b388457a1e8bf33a43a081f; failed with message: unexpected error: unable to parse rawmessage header',
  level: 'error',
  timestamp: '2021-11-28T09:20:48.352Z'
}
{
  message: 'unable to send message with id: 6f15cede2652b5d19b388457a1e8bf33a43a081f; failed with message: unexpected error: unable to parse rawmessage header',
  level: 'error',
  timestamp: '2021-11-28T09:20:48.355Z'
}
{
  message: 'email sent to: dominique.adolphe@gmail.com',
  level: 'info',
  timestamp: '2021-11-28T09:20:49.439Z'
}
{
  message: 'unable to send message with id: 6f15cede2652b5d19b388457a1e8bf33a43a081f; failed with message: unexpected error: unable to parse rawmessage header',
  level: 'error',
  timestamp: '2021-11-28T09:20:49.447Z'
}
{
  message: "unable to send message with id: 0b1b3b501c6296fffc8eea05173b336ee36ef982; failed with message: ENOENT: no such file or directory, open '/home/mecrogenesis/Organizations/co.prethora/@typescript/smtp_email_aggregator_relay/data/queue/0b1b3b501c6296fffc8eea05173b336ee36ef982/body'",
  level: 'error',
  timestamp: '2021-11-28T09:20:49.921Z'
}
{
  message: 'email sent to: dominique.adolphe@gmail.com',
  level: 'info',
  timestamp: '2021-11-28T09:35:01.167Z'
}
{
  message: 'email sent to: dominique.adolphe@gmail.com',
  level: 'info',
  timestamp: '2021-11-28T09:35:01.788Z'
}
{
  message: 'email sent to: dominique.adolphe@gmail.com',
  level: 'info',
  timestamp: '2021-11-28T09:35:02.433Z'
}
{
  message: 'email sent to: dominique.adolphe@gmail.com',
  level: 'info',
  timestamp: '2021-11-28T09:38:55.041Z'
}
{
  message: 'email sent to: dominique.adolphe@gmail.com',
  level: 'info',
  timestamp: '2021-11-28T09:38:57.103Z'
}
{
  message: 'email sent to: dominique.adolphe@gmail.com',
  level: 'info',
  timestamp: '2021-11-28T09:38:57.380Z'
}
{
  message: 'email sent to: dominique.adolphe@gmail.com',
  level: 'info',
  timestamp: '2021-11-28T09:38:58.273Z'
}
{
  message: 'email sent to: dominique.adolphe@gmail.com',
  level: 'info',
  timestamp: '2021-11-28T09:39:01.653Z'
}
{
  message: 'unable to send message with id: 0b1b3b501c6296fffc8eea05173b336ee36ef982; failed with message: simulated error thrown',
  level: 'error',
  timestamp: '2021-11-28T19:55:01.635Z'
}
{
  message: 'unable to send message with id: 0b1b3b501c6296fffc8eea05173b336ee36ef982; failed with message: simulated error thrown',
  level: 'error',
  timestamp: '2021-11-28T19:55:01.870Z'
}
{
  message: 'email sent to: dominique.adolphe@gmail.com',
  level: 'info',
  timestamp: '2021-11-28T19:55:05.383Z'
}
{
  message: 'email sent to: dominique.adolphe@gmail.com',
  level: 'info',
  timestamp: '2021-11-28T19:55:06.384Z'
}
{
  message: 'email sent to: dominique.adolphe@gmail.com',
  level: 'info',
  timestamp: '2021-11-28T19:55:07.573Z'
}
{
  message: 'unable to send message with id: 0b1b3b501c6296fffc8eea05173b336ee36ef982; failed with message: simulated error thrown',
  level: 'error',
  timestamp: '2021-11-28T19:58:40.443Z'
}
{
  message: 'unable to send message with id: 6f15cede2652b5d19b388457a1e8bf33a43a081f; failed with message: simulated error thrown',
  level: 'error',
  timestamp: '2021-11-28T19:58:40.456Z'
}
{
  message: 'unable to send message with id: aa0b55b96b90533433d2e63983953e73958c33dd; failed with message: simulated error thrown',
  level: 'error',
  timestamp: '2021-11-28T19:58:40.460Z'
}
{
  message: 'unable to send message with id: 0b1b3b501c6296fffc8eea05173b336ee36ef982; failed with message: simulated error thrown',
  level: 'error',
  timestamp: '2021-11-28T19:58:40.466Z'
}
{
  message: 'unable to send message with id: 6f15cede2652b5d19b388457a1e8bf33a43a081f; failed with message: simulated error thrown',
  level: 'error',
  timestamp: '2021-11-28T19:58:40.470Z'
}
{
  message: 'unable to send message with id: aa0b55b96b90533433d2e63983953e73958c33dd; failed with message: simulated error thrown',
  level: 'error',
  timestamp: '2021-11-28T19:58:40.477Z'
}
{
  message: 'email sent to: dominique.adolphe@gmail.com',
  level: 'info',
  timestamp: '2021-11-28T19:58:44.957Z'
}
{
  message: 'email sent to: dominique.adolphe@gmail.com',
  level: 'info',
  timestamp: '2021-11-28T19:58:48.661Z'
}
{
  message: 'email sent to: dominique.adolphe@gmail.com',
  level: 'info',
  timestamp: '2021-11-28T19:58:50.751Z'
}
{
  message: 'unable to send message with id: 0b1b3b501c6296fffc8eea05173b336ee36ef982; failed with message: simulated error thrown',
  level: 'error',
  timestamp: '2021-11-28T20:04:31.893Z'
}
{
  message: 'unable to send message with id: 6f15cede2652b5d19b388457a1e8bf33a43a081f; failed with message: simulated error thrown',
  level: 'error',
  timestamp: '2021-11-28T20:04:31.907Z'
}
{
  message: 'unable to send message with id: aa0b55b96b90533433d2e63983953e73958c33dd; failed with message: simulated error thrown',
  level: 'error',
  timestamp: '2021-11-28T20:04:31.912Z'
}
{
  message: 'unable to send message with id: 0b1b3b501c6296fffc8eea05173b336ee36ef982; failed with message: simulated error thrown',
  level: 'error',
  timestamp: '2021-11-28T20:04:31.917Z'
}
{
  message: 'unable to send message with id: 6f15cede2652b5d19b388457a1e8bf33a43a081f; failed with message: simulated error thrown',
  level: 'error',
  timestamp: '2021-11-28T20:04:31.921Z'
}
{
  message: 'unable to send message with id: aa0b55b96b90533433d2e63983953e73958c33dd; failed with message: simulated error thrown',
  level: 'error',
  timestamp: '2021-11-28T20:04:31.928Z'
}
{
  message: 'unable to send message with id: 0b1b3b501c6296fffc8eea05173b336ee36ef982; failed with message: simulated error thrown',
  level: 'error',
  timestamp: '2021-11-28T20:04:31.932Z'
}
{
  message: 'unable to send message with id: 6f15cede2652b5d19b388457a1e8bf33a43a081f; failed with message: simulated error thrown',
  level: 'error',
  timestamp: '2021-11-28T20:05:31.954Z'
}
{
  message: 'unable to send message with id: aa0b55b96b90533433d2e63983953e73958c33dd; failed with message: simulated error thrown',
  level: 'error',
  timestamp: '2021-11-28T20:05:31.960Z'
}
{
  message: 'unable to send message with id: 0b1b3b501c6296fffc8eea05173b336ee36ef982; failed with message: simulated error thrown',
  level: 'error',
  timestamp: '2021-11-28T20:05:31.964Z'
}
{
  message: 'unable to send message with id: 6f15cede2652b5d19b388457a1e8bf33a43a081f; failed with message: simulated error thrown',
  level: 'error',
  timestamp: '2021-11-28T20:05:31.970Z'
}
{
  message: 'unable to send message with id: aa0b55b96b90533433d2e63983953e73958c33dd; failed with message: simulated error thrown',
  level: 'error',
  timestamp: '2021-11-28T20:05:31.976Z'
}
{
  message: 'unable to send message with id: 0b1b3b501c6296fffc8eea05173b336ee36ef982; failed with message: simulated error thrown',
  level: 'error',
  timestamp: '2021-11-28T20:05:31.979Z'
}
{
  message: 'unable to send message with id: 6f15cede2652b5d19b388457a1e8bf33a43a081f; failed with message: simulated error thrown',
  level: 'error',
  timestamp: '2021-11-28T20:05:31.985Z'
}
{
  message: 'unable to send message with id: aa0b55b96b90533433d2e63983953e73958c33dd; failed with message: simulated error thrown',
  level: 'error',
  timestamp: '2021-11-28T20:06:32.043Z'
}
{
  message: 'unable to send message with id: 0b1b3b501c6296fffc8eea05173b336ee36ef982; failed with message: simulated error thrown',
  level: 'error',
  timestamp: '2021-11-28T20:06:32.047Z'
}
{
  message: 'unable to send message with id: 6f15cede2652b5d19b388457a1e8bf33a43a081f; failed with message: simulated error thrown',
  level: 'error',
  timestamp: '2021-11-28T20:06:32.050Z'
}
{
  message: 'unable to send message with id: aa0b55b96b90533433d2e63983953e73958c33dd; failed with message: simulated error thrown',
  level: 'error',
  timestamp: '2021-11-28T20:06:32.054Z'
}
{
  message: 'email sent to: dominique.adolphe@gmail.com',
  level: 'info',
  timestamp: '2021-11-28T20:06:35.685Z'
}
{
  message: 'email sent to: dominique.adolphe@gmail.com',
  level: 'info',
  timestamp: '2021-11-28T20:06:35.690Z'
}
{
  message: 'email sent to: dominique.adolphe@gmail.com',
  level: 'info',
  timestamp: '2021-11-28T20:06:38.609Z'
}
{
  message: 'email sent to: dominique.adolphe@gmail.com',
  level: 'info',
  timestamp: '2021-11-28T20:14:21.852Z'
}
{
  message: 'email sent to: dominique.adolphe@gmail.com',
  level: 'info',
  timestamp: '2021-11-28T20:14:21.870Z'
}
{
  message: 'email sent to: dominique.adolphe@gmail.com',
  level: 'info',
  timestamp: '2021-11-28T20:14:21.896Z'
}
{
  message: 'email sent to: dominique.adolphe@gmail.com',
  level: 'info',
  timestamp: '2021-11-29T19:52:24.311Z'
}
{
  message: 'email sent to: domiado16@gmail.com',
  level: 'info',
  timestamp: '2021-11-29T19:55:39.579Z'
}
{
  message: 'email sent to: dominique.adolphe@gmail.com',
  level: 'info',
  timestamp: '2021-11-29T19:57:23.106Z'
}
{
  message: 'email sent to: dominique.adolphe@gmail.com',
  level: 'info',
  timestamp: '2021-11-29T19:59:13.662Z'
}
{
  message: 'email sent to: prethora.co@gmail.com',
  level: 'info',
  timestamp: '2021-11-29T20:01:47.424Z'
}
{
  message: 'email sent to: domado16@yahoo.com',
  level: 'info',
  timestamp: '2021-11-29T20:03:34.045Z'
}
{
  message: 'email sent to: domado16@yahoo.com,dominique.adolphe@gmail.com',
  level: 'info',
  timestamp: '2021-11-29T20:10:08.433Z'
}
{
  message: 'email sent to: domiado16@gmail.com,mypicket.job@gmail.com',
  level: 'info',
  timestamp: '2021-11-29T20:15:23.187Z'
}
{
  message: 'email sent to: dominique.adolphe@gmail.com',
  level: 'info',
  timestamp: '2021-11-29T20:21:08.217Z'
}
{
  message: 'email sent to: prethora.co@gmail.com',
  level: 'info',
  timestamp: '2021-11-29T20:27:55.974Z'
}
{
  message: 'email sent to: prethora.co@gmail.com',
  level: 'info',
  timestamp: '2021-11-29T20:29:40.923Z'
}
{
  message: 'email sent to: domiado16@gmail.com',
  level: 'info',
  timestamp: '2021-11-29T20:39:37.306Z'
}
{
  message: 'email sent to: domiado16@gmail.com',
  level: 'info',
  timestamp: '2021-11-29T20:39:38.014Z'
}
